<?xml version="1.0" encoding="UTF-8"?>
<!-- Generated by org.testng.reporters.JUnitReportReporter -->
<testsuite hostname="INVENGER-819" failures="0" tests="2" name="test.day1" time="0.008" errors="0" timestamp="2024-04-04T11:20:06 IST" skipped="1">
  <testcase classname="test.day1" name="Demo" time="0.008"/>
  <system-out/>
  <testcase classname="test.day1" name="test1">
    <skipped/>
  </testcase> <!-- test1 -->
  <system-out/>
</testsuite> <!-- test.day1 -->
